[debug] [2023-03-09T06:14:16.034Z] ----------------------------------------------------------------------
[debug] [2023-03-09T06:14:16.038Z] Command:       C:\Program Files\nodejs\node.exe C:\Users\tyt22\AppData\Roaming\npm\node_modules\firebase-tools\lib\bin\firebase.js init
[debug] [2023-03-09T06:14:16.039Z] CLI Version:   11.24.1
[debug] [2023-03-09T06:14:16.039Z] Platform:      win32
[debug] [2023-03-09T06:14:16.039Z] Node Version:  v16.15.1
[debug] [2023-03-09T06:14:16.042Z] Time:          Thu Mar 09 2023 12:44:16 GMT+0630 (Myanmar Time)
[debug] [2023-03-09T06:14:16.042Z] ----------------------------------------------------------------------
[debug] 
[debug] [2023-03-09T06:14:16.187Z] > command requires scopes: ["email","openid","https://www.googleapis.com/auth/cloudplatformprojects.readonly","https://www.googleapis.com/auth/firebase","https://www.googleapis.com/auth/cloud-platform"]
[debug] [2023-03-09T06:14:16.188Z] > authorizing via signed-in user (tyt22yearsold@gmail.com)
[info] 
     ######## #### ########  ######## ########     ###     ######  ########
     ##        ##  ##     ## ##       ##     ##  ##   ##  ##       ##
     ######    ##  ########  ######   ########  #########  ######  ######
     ##        ##  ##    ##  ##       ##     ## ##     ##       ## ##
     ##       #### ##     ## ######## ########  ##     ##  ######  ########

You're about to initialize a Firebase project in this directory:

  D:\React Projects\snack-shop

Before we get started, keep in mind:

  * You are initializing within an existing Firebase project directory

[info] 
=== Project Setup
[info] 
[info] First, let's associate this project directory with a Firebase project.
[info] You can create multiple project aliases by running firebase use --add, 
[info] but for now we'll just set up a default project.
[info] 
[debug] [2023-03-09T06:14:23.342Z] Using project from CLI flag: snackshop-49949
[debug] [2023-03-09T06:14:23.347Z] >>> [apiv2][query] GET https://firebase.googleapis.com/v1beta1/projects/snackshop-49949 [none]
[debug] [2023-03-09T06:14:24.092Z] <<< [apiv2][status] GET https://firebase.googleapis.com/v1beta1/projects/snackshop-49949 200
[debug] [2023-03-09T06:14:24.093Z] <<< [apiv2][body] GET https://firebase.googleapis.com/v1beta1/projects/snackshop-49949 {"projectId":"snackshop-49949","projectNumber":"754622121943","displayName":"snackshop","name":"projects/snackshop-49949","resources":{"hostingSite":"snackshop-49949"},"state":"ACTIVE","etag":"1_f8c5b0eb-6fcb-4a20-83fd-dee9d6d10965"}
[info] i  Using project snackshop-49949 (snackshop) 
[info] 
=== Hosting Setup
[info] 
[info] Your public directory is the folder (relative to your project directory) that
[info] will contain Hosting assets to be uploaded with firebase deploy. If you
[info] have a build process for your assets, use your build's output directory.
[info] 
[info] +  Wrote build/404.html 
[debug] [2023-03-09T06:14:49.537Z] >>> [apiv2][query] GET https://www.gstatic.com/firebasejs/releases.json [none]
[debug] [2023-03-09T06:14:49.726Z] <<< [apiv2][status] GET https://www.gstatic.com/firebasejs/releases.json 200
[debug] [2023-03-09T06:14:49.726Z] <<< [apiv2][body] GET https://www.gstatic.com/firebasejs/releases.json {"current":{"version":"9.17.2","browserURL":"https://www.gstatic.com/firebasejs/9.17.2/firebase.js","packageURL":"https://www.gstatic.com/firebasejs/9.17.2/firebase.tgz"},"live":{"version":"9.17","browserURL":"https://www.gstatic.com/firebasejs/live/9.17/firebase.js","packageURL":"https://www.gstatic.com/firebasejs/live/9.17/firebase.tgz"},"components":{"analytics":"https://www.gstatic.com/firebasejs/9.17.2/firebase-analytics.js","app":"https://www.gstatic.com/firebasejs/9.17.2/firebase-app.js","app-check":"https://www.gstatic.com/firebasejs/9.17.2/firebase-app-check.js","auth":"https://www.gstatic.com/firebasejs/9.17.2/firebase-auth.js","auth/cordova":"https://www.gstatic.com/firebasejs/9.17.2/firebase-auth/cordova.js","auth/react-native":"https://www.gstatic.com/firebasejs/9.17.2/firebase-auth/react-native.js","functions":"https://www.gstatic.com/firebasejs/9.17.2/firebase-functions.js","firestore":"https://www.gstatic.com/firebasejs/9.17.2/firebase-firestore.js","firestore/lite":"https://www.gstatic.com/firebasejs/9.17.2/firebase-firestore/lite.js","installations":"https://www.gstatic.com/firebasejs/9.17.2/firebase-installations.js","storage":"https://www.gstatic.com/firebasejs/9.17.2/firebase-storage.js","performance":"https://www.gstatic.com/firebasejs/9.17.2/firebase-performance.js","remote-config":"https://www.gstatic.com/firebasejs/9.17.2/firebase-remote-config.js","messaging":"https://www.gstatic.com/firebasejs/9.17.2/firebase-messaging.js","messaging/sw":"https://www.gstatic.com/firebasejs/9.17.2/firebase-messaging/sw.js","database":"https://www.gstatic.com/firebasejs/9.17.2/firebase-database.js","firestore.memory":"https://www.gstatic.com/firebasejs/9.17.2/firebase-firestore.memory.js"}}
[info] i  Skipping write of build/index.html 
[info] 
[info] i  Detected a .git folder at D:\React Projects\snack-shop 
[info] i  Authorizing with GitHub to upload your service account to a GitHub repository's secrets store. 
[info] 
[info] Visit this URL on this device to log in:
[info] https://github.com/login/oauth/authorize?client_id=89cf50f02ac6aaed3484&state=553883261&redirect_uri=http%3A%2F%2Flocalhost%3A9005&scope=read%3Auser%20repo%20public_repo
[info] 
[info] Waiting for authentication...
[debug] [2023-03-09T06:15:08.361Z] >>> [apiv2][query] POST https://github.com/login/oauth/access_token [none]
[debug] [2023-03-09T06:15:08.361Z] >>> [apiv2][body] POST https://github.com/login/oauth/access_token [stream]
[debug] [2023-03-09T06:15:08.868Z] <<< [apiv2][status] POST https://github.com/login/oauth/access_token 200
[debug] [2023-03-09T06:15:08.868Z] <<< [apiv2][body] POST https://github.com/login/oauth/access_token {"access_token":"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","token_type":"bearer","scope":"read:user,repo"}
[debug] [2023-03-09T06:15:08.883Z] >>> [apiv2][query] GET https://api.github.com/user [none]
[debug] [2023-03-09T06:15:09.433Z] <<< [apiv2][status] GET https://api.github.com/user 200
[debug] [2023-03-09T06:15:09.433Z] <<< [apiv2][body] GET https://api.github.com/user {"login":"Mg-dev","id":119557284,"node_id":"U_kgDOByBMpA","avatar_url":"https://avatars.githubusercontent.com/u/119557284?v=4","gravatar_id":"","url":"https://api.github.com/users/Mg-dev","html_url":"https://github.com/Mg-dev","followers_url":"https://api.github.com/users/Mg-dev/followers","following_url":"https://api.github.com/users/Mg-dev/following{/other_user}","gists_url":"https://api.github.com/users/Mg-dev/gists{/gist_id}","starred_url":"https://api.github.com/users/Mg-dev/starred{/owner}{/repo}","subscriptions_url":"https://api.github.com/users/Mg-dev/subscriptions","organizations_url":"https://api.github.com/users/Mg-dev/orgs","repos_url":"https://api.github.com/users/Mg-dev/repos","events_url":"https://api.github.com/users/Mg-dev/events{/privacy}","received_events_url":"https://api.github.com/users/Mg-dev/received_events","type":"User","site_admin":false,"name":null,"company":null,"blog":"","location":null,"email":null,"hireable":null,"bio":null,"twitter_username":null,"public_repos":9,"public_gists":0,"followers":2,"following":1,"created_at":"2022-12-01T04:33:16Z","updated_at":"2023-02-16T05:19:39Z","private_gists":0,"total_private_repos":2,"owned_private_repos":2,"disk_usage":4047,"collaborators":5,"two_factor_authentication":false,"plan":{"name":"free","space":976562499,"collaborators":0,"private_repos":10000}}
[info] 
[info] +  Success! Logged into GitHub as Mg-dev 
[info] 
